This file contains any messages produced by compilers while
running configure, to aid debugging if configure makes a mistake.

It was created by cgicc configure 3.2.12, which was
generated by GNU Autoconf 2.69.  Invocation command line was

  $ ./configure --prefix=/usr CXXFLAGS=-m32 CFLAGS=-m32 LDFLAGS=-m32

## --------- ##
## Platform. ##
## --------- ##

hostname = Lumin
uname -m = i686
uname -r = 3.7-trunk-686-pae
uname -s = Linux
uname -v = #1 SMP Debian 3.7.2-0+kali8

/usr/bin/uname -p = unknown
/bin/uname -X     = unknown

/bin/arch              = unknown
/usr/bin/arch -k       = unknown
/usr/convex/getsysinfo = unknown
/usr/bin/hostinfo      = unknown
/bin/machine           = unknown
/usr/bin/oslevel       = unknown
/bin/universe          = unknown

PATH: /usr/local/sbin
PATH: /usr/local/bin
PATH: /usr/sbin
PATH: /usr/bin
PATH: /sbin
PATH: /bin


## ----------- ##
## Core tests. ##
## ----------- ##

configure:2460: checking for a BSD-compatible install
configure:2528: result: /usr/bin/install -c
configure:2539: checking whether build environment is sane
configure:2589: result: yes
configure:2730: checking for a thread-safe mkdir -p
configure:2769: result: /bin/mkdir -p
configure:2782: checking for gawk
configure:2812: result: no
configure:2782: checking for mawk
configure:2798: found /usr/bin/mawk
configure:2809: result: mawk
configure:2820: checking whether make sets $(MAKE)
configure:2842: result: yes
configure:2991: checking for g++
configure:3007: found /usr/bin/g++
configure:3018: result: g++
configure:3045: checking for C++ compiler version
configure:3054: g++ --version >&5
g++ (Debian 4.7.2-5) 4.7.2
Copyright (C) 2012 Free Software Foundation, Inc.
This is free software; see the source for copying conditions.  There is NO
warranty; not even for MERCHANTABILITY or FITNESS FOR A PARTICULAR PURPOSE.

configure:3065: $? = 0
configure:3054: g++ -v >&5
Using built-in specs.
COLLECT_GCC=g++
COLLECT_LTO_WRAPPER=/usr/lib/gcc/i486-linux-gnu/4.7/lto-wrapper
Target: i486-linux-gnu
Configured with: ../src/configure -v --with-pkgversion='Debian 4.7.2-5' --with-bugurl=file:///usr/share/doc/gcc-4.7/README.Bugs --enable-languages=c,c++,go,fortran,objc,obj-c++ --prefix=/usr --program-suffix=-4.7 --enable-shared --enable-linker-build-id --with-system-zlib --libexecdir=/usr/lib --without-included-gettext --enable-threads=posix --with-gxx-include-dir=/usr/include/c++/4.7 --libdir=/usr/lib --enable-nls --with-sysroot=/ --enable-clocale=gnu --enable-libstdcxx-debug --enable-libstdcxx-time=yes --enable-gnu-unique-object --enable-plugin --enable-objc-gc --enable-targets=all --with-arch-32=i586 --with-tune=generic --enable-checking=release --build=i486-linux-gnu --host=i486-linux-gnu --target=i486-linux-gnu
Thread model: posix
gcc version 4.7.2 (Debian 4.7.2-5) 
configure:3065: $? = 0
configure:3054: g++ -V >&5
g++: error: unrecognized command line option '-V'
g++: fatal error: no input files
compilation terminated.
configure:3065: $? = 4
configure:3054: g++ -qversion >&5
g++: error: unrecognized command line option '-qversion'
g++: fatal error: no input files
compilation terminated.
configure:3065: $? = 4
configure:3085: checking whether the C++ compiler works
configure:3107: g++ -m32  -m32 conftest.cpp  >&5
configure:3111: $? = 0
configure:3159: result: yes
configure:3162: checking for C++ compiler default output file name
configure:3164: result: a.out
configure:3170: checking for suffix of executables
configure:3177: g++ -o conftest -m32  -m32 conftest.cpp  >&5
configure:3181: $? = 0
configure:3203: result: 
configure:3225: checking whether we are cross compiling
configure:3233: g++ -o conftest -m32  -m32 conftest.cpp  >&5
configure:3237: $? = 0
configure:3244: ./conftest
configure:3248: $? = 0
configure:3263: result: no
configure:3268: checking for suffix of object files
configure:3290: g++ -c -m32  conftest.cpp >&5
configure:3294: $? = 0
configure:3315: result: o
configure:3319: checking whether we are using the GNU C++ compiler
configure:3338: g++ -c -m32  conftest.cpp >&5
configure:3338: $? = 0
configure:3347: result: yes
configure:3356: checking whether g++ accepts -g
configure:3376: g++ -c -g  conftest.cpp >&5
configure:3376: $? = 0
configure:3417: result: yes
configure:3451: checking for style of include used by make
configure:3479: result: GNU
configure:3505: checking dependency style of g++
configure:3616: result: gcc3
configure:3661: checking build system type
configure:3675: result: i686-pc-linux-gnu
configure:3695: checking host system type
configure:3708: result: i686-pc-linux-gnu
configure:3749: checking how to print strings
configure:3776: result: printf
configure:3845: checking for gcc
configure:3861: found /usr/bin/gcc
configure:3872: result: gcc
configure:4101: checking for C compiler version
configure:4110: gcc --version >&5
gcc (Debian 4.7.2-5) 4.7.2
Copyright (C) 2012 Free Software Foundation, Inc.
This is free software; see the source for copying conditions.  There is NO
warranty; not even for MERCHANTABILITY or FITNESS FOR A PARTICULAR PURPOSE.

configure:4121: $? = 0
configure:4110: gcc -v >&5
Using built-in specs.
COLLECT_GCC=gcc
COLLECT_LTO_WRAPPER=/usr/lib/gcc/i486-linux-gnu/4.7/lto-wrapper
Target: i486-linux-gnu
Configured with: ../src/configure -v --with-pkgversion='Debian 4.7.2-5' --with-bugurl=file:///usr/share/doc/gcc-4.7/README.Bugs --enable-languages=c,c++,go,fortran,objc,obj-c++ --prefix=/usr --program-suffix=-4.7 --enable-shared --enable-linker-build-id --with-system-zlib --libexecdir=/usr/lib --without-included-gettext --enable-threads=posix --with-gxx-include-dir=/usr/include/c++/4.7 --libdir=/usr/lib --enable-nls --with-sysroot=/ --enable-clocale=gnu --enable-libstdcxx-debug --enable-libstdcxx-time=yes --enable-gnu-unique-object --enable-plugin --enable-objc-gc --enable-targets=all --with-arch-32=i586 --with-tune=generic --enable-checking=release --build=i486-linux-gnu --host=i486-linux-gnu --target=i486-linux-gnu
Thread model: posix
gcc version 4.7.2 (Debian 4.7.2-5) 
configure:4121: $? = 0
configure:4110: gcc -V >&5
gcc: error: unrecognized command line option '-V'
gcc: fatal error: no input files
compilation terminated.
configure:4121: $? = 4
configure:4110: gcc -qversion >&5
gcc: error: unrecognized command line option '-qversion'
gcc: fatal error: no input files
compilation terminated.
configure:4121: $? = 4
configure:4125: checking whether we are using the GNU C compiler
configure:4144: gcc -c -m32  conftest.c >&5
configure:4144: $? = 0
configure:4153: result: yes
configure:4162: checking whether gcc accepts -g
configure:4182: gcc -c -g  conftest.c >&5
configure:4182: $? = 0
configure:4223: result: yes
configure:4240: checking for gcc option to accept ISO C89
configure:4303: gcc  -c -m32  conftest.c >&5
configure:4303: $? = 0
configure:4316: result: none needed
configure:4338: checking dependency style of gcc
configure:4449: result: gcc3
configure:4464: checking for a sed that does not truncate output
configure:4528: result: /bin/sed
configure:4546: checking for grep that handles long lines and -e
configure:4604: result: /bin/grep
configure:4609: checking for egrep
configure:4671: result: /bin/grep -E
configure:4676: checking for fgrep
configure:4738: result: /bin/grep -F
configure:4773: checking for ld used by gcc
configure:4840: result: /usr/bin/ld
configure:4847: checking if the linker (/usr/bin/ld) is GNU ld
configure:4862: result: yes
configure:4874: checking for BSD- or MS-compatible name lister (nm)
configure:4923: result: /usr/bin/nm -B
configure:5053: checking the name lister (/usr/bin/nm -B) interface
configure:5060: g++ -c -m32  conftest.cpp >&5
configure:5063: /usr/bin/nm -B "conftest.o"
configure:5066: output
00000000 B some_variable
configure:5073: result: BSD nm
configure:5076: checking whether ln -s works
configure:5080: result: yes
configure:5088: checking the maximum length of command line arguments
configure:5219: result: 1572864
configure:5236: checking whether the shell understands some XSI constructs
configure:5246: result: yes
configure:5250: checking whether the shell understands "+="
configure:5256: result: yes
configure:5291: checking how to convert i686-pc-linux-gnu file names to i686-pc-linux-gnu format
configure:5331: result: func_convert_file_noop
configure:5338: checking how to convert i686-pc-linux-gnu file names to toolchain format
configure:5358: result: func_convert_file_noop
configure:5365: checking for /usr/bin/ld option to reload object files
configure:5372: result: -r
configure:5446: checking for objdump
configure:5462: found /usr/bin/objdump
configure:5473: result: objdump
configure:5505: checking how to recognize dependent libraries
configure:5703: result: pass_all
configure:5788: checking for dlltool
configure:5818: result: no
configure:5848: checking how to associate runtime and link libraries
configure:5875: result: printf %s\n
configure:5936: checking for ar
configure:5952: found /usr/bin/ar
configure:5963: result: ar
configure:6000: checking for archiver @FILE support
configure:6017: g++ -c -m32  conftest.cpp >&5
configure:6017: $? = 0
configure:6020: ar cru libconftest.a @conftest.lst >&5
configure:6023: $? = 0
configure:6028: ar cru libconftest.a @conftest.lst >&5
ar: conftest.o: No such file or directory
configure:6031: $? = 1
configure:6043: result: @
configure:6101: checking for strip
configure:6117: found /usr/bin/strip
configure:6128: result: strip
configure:6200: checking for ranlib
configure:6216: found /usr/bin/ranlib
configure:6227: result: ranlib
configure:6329: checking command to parse /usr/bin/nm -B output from gcc object
configure:6449: g++ -c -m32  conftest.cpp >&5
configure:6452: $? = 0
configure:6456: /usr/bin/nm -B conftest.o \| sed -n -e 's/^.*[ ]\([ABCDGIRSTW][ABCDGIRSTW]*\)[ ][ ]*\([_A-Za-z][_A-Za-z0-9]*\)$/\1 \2 \2/p' | sed '/ __gnu_lto/d' \> conftest.nm
configure:6459: $? = 0
configure:6525: g++ -o conftest -m32  -m32 conftest.cpp conftstm.o >&5
configure:6528: $? = 0
configure:6566: result: ok
configure:6603: checking for sysroot
configure:6633: result: no
configure:6897: checking for mt
configure:6913: found /bin/mt
configure:6924: result: mt
configure:6947: checking if mt is a manifest tool
configure:6953: mt '-?'
configure:6961: result: no
configure:7603: checking how to run the C preprocessor
configure:7634: gcc -E  conftest.c
configure:7634: $? = 0
configure:7648: gcc -E  conftest.c
conftest.c:11:28: fatal error: ac_nonexistent.h: No such file or directory
compilation terminated.
configure:7648: $? = 1
configure: failed program was:
| /* confdefs.h */
| #define PACKAGE_NAME "cgicc"
| #define PACKAGE_TARNAME "cgicc"
| #define PACKAGE_VERSION "3.2.12"
| #define PACKAGE_STRING "cgicc 3.2.12"
| #define PACKAGE_BUGREPORT "bug-cgicc@gnu.org"
| #define PACKAGE_URL ""
| #define PACKAGE "cgicc"
| #define VERSION "3.2.12"
| /* end confdefs.h.  */
| #include <ac_nonexistent.h>
configure:7673: result: gcc -E
configure:7693: gcc -E  conftest.c
configure:7693: $? = 0
configure:7707: gcc -E  conftest.c
conftest.c:11:28: fatal error: ac_nonexistent.h: No such file or directory
compilation terminated.
configure:7707: $? = 1
configure: failed program was:
| /* confdefs.h */
| #define PACKAGE_NAME "cgicc"
| #define PACKAGE_TARNAME "cgicc"
| #define PACKAGE_VERSION "3.2.12"
| #define PACKAGE_STRING "cgicc 3.2.12"
| #define PACKAGE_BUGREPORT "bug-cgicc@gnu.org"
| #define PACKAGE_URL ""
| #define PACKAGE "cgicc"
| #define VERSION "3.2.12"
| /* end confdefs.h.  */
| #include <ac_nonexistent.h>
configure:7736: checking for ANSI C header files
configure:7756: gcc -c -m32  conftest.c >&5
configure:7756: $? = 0
configure:7829: gcc -o conftest -m32  -m32 conftest.c  >&5
configure:7829: $? = 0
configure:7829: ./conftest
configure:7829: $? = 0
configure:7840: result: yes
configure:7853: checking for sys/types.h
configure:7853: gcc -c -m32  conftest.c >&5
configure:7853: $? = 0
configure:7853: result: yes
configure:7853: checking for sys/stat.h
configure:7853: gcc -c -m32  conftest.c >&5
configure:7853: $? = 0
configure:7853: result: yes
configure:7853: checking for stdlib.h
configure:7853: gcc -c -m32  conftest.c >&5
configure:7853: $? = 0
configure:7853: result: yes
configure:7853: checking for string.h
configure:7853: gcc -c -m32  conftest.c >&5
configure:7853: $? = 0
configure:7853: result: yes
configure:7853: checking for memory.h
configure:7853: gcc -c -m32  conftest.c >&5
configure:7853: $? = 0
configure:7853: result: yes
configure:7853: checking for strings.h
configure:7853: gcc -c -m32  conftest.c >&5
configure:7853: $? = 0
configure:7853: result: yes
configure:7853: checking for inttypes.h
configure:7853: gcc -c -m32  conftest.c >&5
configure:7853: $? = 0
configure:7853: result: yes
configure:7853: checking for stdint.h
configure:7853: gcc -c -m32  conftest.c >&5
configure:7853: $? = 0
configure:7853: result: yes
configure:7853: checking for unistd.h
configure:7853: gcc -c -m32  conftest.c >&5
configure:7853: $? = 0
configure:7853: result: yes
configure:7867: checking for dlfcn.h
configure:7867: gcc -c -m32  conftest.c >&5
configure:7867: $? = 0
configure:7867: result: yes
configure:8083: checking for objdir
configure:8098: result: .libs
configure:8365: checking if gcc supports -fno-rtti -fno-exceptions
configure:8383: gcc -c -m32  -fno-rtti -fno-exceptions conftest.c >&5
cc1: warning: command line option '-fno-rtti' is valid for C++/ObjC++ but not for C [enabled by default]
configure:8387: $? = 0
configure:8400: result: no
configure:8727: checking for gcc option to produce PIC
configure:8734: result: -fPIC -DPIC
configure:8742: checking if gcc PIC flag -fPIC -DPIC works
configure:8760: gcc -c -m32  -fPIC -DPIC -DPIC conftest.c >&5
configure:8764: $? = 0
configure:8777: result: yes
configure:8806: checking if gcc static flag -static works
configure:8834: result: yes
configure:8849: checking if gcc supports -c -o file.o
configure:8870: gcc -c -m32  -o out/conftest2.o conftest.c >&5
configure:8874: $? = 0
configure:8896: result: yes
configure:8904: checking if gcc supports -c -o file.o
configure:8951: result: yes
configure:8984: checking whether the gcc linker (/usr/bin/ld) supports shared libraries
configure:10141: result: yes
configure:10178: checking whether -lc should be explicitly linked in
configure:10186: gcc -c -m32  conftest.c >&5
configure:10189: $? = 0
configure:10204: gcc -shared  -fPIC -DPIC conftest.o  -v -Wl,-soname -Wl,conftest -o conftest 2\>\&1 \| /bin/grep  -lc  \>/dev/null 2\>\&1
configure:10207: $? = 0
configure:10221: result: no
configure:10381: checking dynamic linker characteristics
configure:10881: gcc -o conftest -m32  -m32 -Wl,-rpath -Wl,/foo conftest.c  >&5
configure:10881: $? = 0
configure:11115: result: GNU/Linux ld.so
configure:11222: checking how to hardcode library paths into programs
configure:11247: result: immediate
configure:11787: checking whether stripping libraries is possible
configure:11792: result: yes
configure:11827: checking if libtool supports shared libraries
configure:11829: result: yes
configure:11832: checking whether to build shared libraries
configure:11853: result: yes
configure:11856: checking whether to build static libraries
configure:11860: result: yes
configure:11883: checking how to run the C++ preprocessor
configure:11910: g++ -E  conftest.cpp
configure:11910: $? = 0
configure:11924: g++ -E  conftest.cpp
conftest.cpp:23:28: fatal error: ac_nonexistent.h: No such file or directory
compilation terminated.
configure:11924: $? = 1
configure: failed program was:
| /* confdefs.h */
| #define PACKAGE_NAME "cgicc"
| #define PACKAGE_TARNAME "cgicc"
| #define PACKAGE_VERSION "3.2.12"
| #define PACKAGE_STRING "cgicc 3.2.12"
| #define PACKAGE_BUGREPORT "bug-cgicc@gnu.org"
| #define PACKAGE_URL ""
| #define PACKAGE "cgicc"
| #define VERSION "3.2.12"
| #define STDC_HEADERS 1
| #define HAVE_SYS_TYPES_H 1
| #define HAVE_SYS_STAT_H 1
| #define HAVE_STDLIB_H 1
| #define HAVE_STRING_H 1
| #define HAVE_MEMORY_H 1
| #define HAVE_STRINGS_H 1
| #define HAVE_INTTYPES_H 1
| #define HAVE_STDINT_H 1
| #define HAVE_UNISTD_H 1
| #define HAVE_DLFCN_H 1
| #define LT_OBJDIR ".libs/"
| /* end confdefs.h.  */
| #include <ac_nonexistent.h>
configure:11949: result: g++ -E
configure:11969: g++ -E  conftest.cpp
configure:11969: $? = 0
configure:11983: g++ -E  conftest.cpp
conftest.cpp:23:28: fatal error: ac_nonexistent.h: No such file or directory
compilation terminated.
configure:11983: $? = 1
configure: failed program was:
| /* confdefs.h */
| #define PACKAGE_NAME "cgicc"
| #define PACKAGE_TARNAME "cgicc"
| #define PACKAGE_VERSION "3.2.12"
| #define PACKAGE_STRING "cgicc 3.2.12"
| #define PACKAGE_BUGREPORT "bug-cgicc@gnu.org"
| #define PACKAGE_URL ""
| #define PACKAGE "cgicc"
| #define VERSION "3.2.12"
| #define STDC_HEADERS 1
| #define HAVE_SYS_TYPES_H 1
| #define HAVE_SYS_STAT_H 1
| #define HAVE_STDLIB_H 1
| #define HAVE_STRING_H 1
| #define HAVE_MEMORY_H 1
| #define HAVE_STRINGS_H 1
| #define HAVE_INTTYPES_H 1
| #define HAVE_STDINT_H 1
| #define HAVE_UNISTD_H 1
| #define HAVE_DLFCN_H 1
| #define LT_OBJDIR ".libs/"
| /* end confdefs.h.  */
| #include <ac_nonexistent.h>
configure:12152: checking for ld used by g++
configure:12219: result: /usr/bin/ld
configure:12226: checking if the linker (/usr/bin/ld) is GNU ld
configure:12241: result: yes
configure:12296: checking whether the g++ linker (/usr/bin/ld) supports shared libraries
configure:13298: result: yes
configure:13334: g++ -c -m32  conftest.cpp >&5
configure:13337: $? = 0
configure:13857: checking for g++ option to produce PIC
configure:13864: result: -fPIC -DPIC
configure:13872: checking if g++ PIC flag -fPIC -DPIC works
configure:13890: g++ -c -m32  -fPIC -DPIC -DPIC conftest.cpp >&5
configure:13894: $? = 0
configure:13907: result: yes
configure:13930: checking if g++ static flag -static works
configure:13958: result: yes
configure:13970: checking if g++ supports -c -o file.o
configure:13991: g++ -c -m32  -o out/conftest2.o conftest.cpp >&5
configure:13995: $? = 0
configure:14017: result: yes
configure:14022: checking if g++ supports -c -o file.o
configure:14069: result: yes
configure:14099: checking whether the g++ linker (/usr/bin/ld) supports shared libraries
configure:14138: result: yes
configure:14279: checking dynamic linker characteristics
configure:14947: result: GNU/Linux ld.so
configure:15000: checking how to hardcode library paths into programs
configure:15025: result: immediate
configure:15088: checking for doxygen
configure:15116: result: /bin/echo
configure:15130: checking for gethostbyaddr in -lnsl
configure:15155: g++ -o conftest -m32  -m32 conftest.cpp -lnsl   >&5
configure:15155: $? = 0
configure:15164: result: yes
configure:15177: checking sys/time.h usability
configure:15177: g++ -c -m32  conftest.cpp >&5
configure:15177: $? = 0
configure:15177: result: yes
configure:15177: checking sys/time.h presence
configure:15177: g++ -E  conftest.cpp
configure:15177: $? = 0
configure:15177: result: yes
configure:15177: checking for sys/time.h
configure:15177: result: yes
configure:15177: checking sys/utsname.h usability
configure:15177: g++ -c -m32  conftest.cpp >&5
configure:15177: $? = 0
configure:15177: result: yes
configure:15177: checking sys/utsname.h presence
configure:15177: g++ -E  conftest.cpp
configure:15177: $? = 0
configure:15177: result: yes
configure:15177: checking for sys/utsname.h
configure:15177: result: yes
configure:15195: checking whether the C++ compiler (g++) is aCC
configure:15208: result: no
configure:15217: checking whether the compiler implements namespaces
configure:15240: g++ -c -m32  conftest.cpp >&5
configure:15240: $? = 0
configure:15254: result: yes
configure:15263: checking whether the compiler supports Standard Template Library
configure:15292: g++ -c -m32  conftest.cpp >&5
configure:15292: $? = 0
configure:15306: result: yes
configure:15315: checking maximum C++ compiler warning level
configure:15321: result: -Wall -W -pedantic
configure:15328: checking for gettimeofday
configure:15328: g++ -o conftest -Wall -W -pedantic -m32  -m32 conftest.cpp  >&5
configure:15328: $? = 0
configure:15328: result: yes
configure:15328: checking for uname
configure:15328: g++ -o conftest -Wall -W -pedantic -m32  -m32 conftest.cpp  >&5
configure:15328: $? = 0
configure:15328: result: yes
configure:15349: checking whether to build the cgicc demos
configure:15351: result: yes
configure:15378: checking whether to build the cgicc fcgi demos
configure:15380: result: no
configure:15589: creating ./config.status

## ---------------------- ##
## Running config.status. ##
## ---------------------- ##

This file was extended by cgicc config.status 3.2.12, which was
generated by GNU Autoconf 2.69.  Invocation command line was

  CONFIG_FILES    = 
  CONFIG_HEADERS  = 
  CONFIG_LINKS    = 
  CONFIG_COMMANDS = 
  $ ./config.status 

on Lumin

config.status:1163: creating demo/Makefile
config.status:1163: creating contrib/Makefile
config.status:1163: creating Makefile
config.status:1163: creating cgicc/Makefile
config.status:1163: creating cgicc/CgiDefs.h
config.status:1163: creating support/Makefile
config.status:1163: creating support/cgicc-config
config.status:1163: creating doc/Makefile
config.status:1163: creating doc/Doxyfile
config.status:1163: creating cgicc.pc
config.status:1163: creating cgicc/config.h
config.status:1392: executing depfiles commands
config.status:1392: executing libtool commands

## ---------------- ##
## Cache variables. ##
## ---------------- ##

ac_cv_build=i686-pc-linux-gnu
ac_cv_c_compiler_gnu=yes
ac_cv_cxx_compiler_gnu=yes
ac_cv_cxx_have_stl=yes
ac_cv_cxx_namespaces=yes
ac_cv_env_CCC_set=
ac_cv_env_CCC_value=
ac_cv_env_CC_set=
ac_cv_env_CC_value=
ac_cv_env_CFLAGS_set=set
ac_cv_env_CFLAGS_value=-m32
ac_cv_env_CPPFLAGS_set=
ac_cv_env_CPPFLAGS_value=
ac_cv_env_CPP_set=
ac_cv_env_CPP_value=
ac_cv_env_CXXCPP_set=
ac_cv_env_CXXCPP_value=
ac_cv_env_CXXFLAGS_set=set
ac_cv_env_CXXFLAGS_value=-m32
ac_cv_env_CXX_set=
ac_cv_env_CXX_value=
ac_cv_env_LDFLAGS_set=set
ac_cv_env_LDFLAGS_value=-m32
ac_cv_env_LIBS_set=
ac_cv_env_LIBS_value=
ac_cv_env_build_alias_set=
ac_cv_env_build_alias_value=
ac_cv_env_host_alias_set=
ac_cv_env_host_alias_value=
ac_cv_env_target_alias_set=
ac_cv_env_target_alias_value=
ac_cv_func_gettimeofday=yes
ac_cv_func_uname=yes
ac_cv_header_dlfcn_h=yes
ac_cv_header_inttypes_h=yes
ac_cv_header_memory_h=yes
ac_cv_header_stdc=yes
ac_cv_header_stdint_h=yes
ac_cv_header_stdlib_h=yes
ac_cv_header_string_h=yes
ac_cv_header_strings_h=yes
ac_cv_header_sys_stat_h=yes
ac_cv_header_sys_time_h=yes
ac_cv_header_sys_types_h=yes
ac_cv_header_sys_utsname_h=yes
ac_cv_header_unistd_h=yes
ac_cv_host=i686-pc-linux-gnu
ac_cv_lib_nsl_gethostbyaddr=yes
ac_cv_objext=o
ac_cv_path_EGREP='/bin/grep -E'
ac_cv_path_FGREP='/bin/grep -F'
ac_cv_path_GREP=/bin/grep
ac_cv_path_SED=/bin/sed
ac_cv_path_install='/usr/bin/install -c'
ac_cv_path_mkdir=/bin/mkdir
ac_cv_prog_AWK=mawk
ac_cv_prog_CPP='gcc -E'
ac_cv_prog_CXXCPP='g++ -E'
ac_cv_prog_DOXYGEN=/bin/echo
ac_cv_prog_ac_ct_AR=ar
ac_cv_prog_ac_ct_CC=gcc
ac_cv_prog_ac_ct_CXX=g++
ac_cv_prog_ac_ct_MANIFEST_TOOL=mt
ac_cv_prog_ac_ct_OBJDUMP=objdump
ac_cv_prog_ac_ct_RANLIB=ranlib
ac_cv_prog_ac_ct_STRIP=strip
ac_cv_prog_cc_c89=
ac_cv_prog_cc_g=yes
ac_cv_prog_cxx_g=yes
ac_cv_prog_make_make_set=yes
am_cv_CC_dependencies_compiler_type=gcc3
am_cv_CXX_dependencies_compiler_type=gcc3
cgicc_cv_acc=no
lt_cv_ar_at_file=@
lt_cv_archive_cmds_need_lc=no
lt_cv_deplibs_check_method=pass_all
lt_cv_file_magic_cmd='$MAGIC_CMD'
lt_cv_file_magic_test_file=
lt_cv_ld_reload_flag=-r
lt_cv_nm_interface='BSD nm'
lt_cv_objdir=.libs
lt_cv_path_LD=/usr/bin/ld
lt_cv_path_LDCXX=/usr/bin/ld
lt_cv_path_NM='/usr/bin/nm -B'
lt_cv_path_mainfest_tool=no
lt_cv_prog_compiler_c_o=yes
lt_cv_prog_compiler_c_o_CXX=yes
lt_cv_prog_compiler_pic='-fPIC -DPIC'
lt_cv_prog_compiler_pic_CXX='-fPIC -DPIC'
lt_cv_prog_compiler_pic_works=yes
lt_cv_prog_compiler_pic_works_CXX=yes
lt_cv_prog_compiler_rtti_exceptions=no
lt_cv_prog_compiler_static_works=yes
lt_cv_prog_compiler_static_works_CXX=yes
lt_cv_prog_gnu_ld=yes
lt_cv_prog_gnu_ldcxx=yes
lt_cv_sharedlib_from_linklib_cmd='printf %s\n'
lt_cv_shlibpath_overrides_runpath=no
lt_cv_sys_global_symbol_pipe='sed -n -e '\''s/^.*[	 ]\([ABCDGIRSTW][ABCDGIRSTW]*\)[	 ][	 ]*\([_A-Za-z][_A-Za-z0-9]*\)$/\1 \2 \2/p'\'' | sed '\''/ __gnu_lto/d'\'''
lt_cv_sys_global_symbol_to_c_name_address='sed -n -e '\''s/^: \([^ ]*\)[ ]*$/  {\"\1\", (void *) 0},/p'\'' -e '\''s/^[ABCDGIRSTW]* \([^ ]*\) \([^ ]*\)$/  {"\2", (void *) \&\2},/p'\'''
lt_cv_sys_global_symbol_to_c_name_address_lib_prefix='sed -n -e '\''s/^: \([^ ]*\)[ ]*$/  {\"\1\", (void *) 0},/p'\'' -e '\''s/^[ABCDGIRSTW]* \([^ ]*\) \(lib[^ ]*\)$/  {"\2", (void *) \&\2},/p'\'' -e '\''s/^[ABCDGIRSTW]* \([^ ]*\) \([^ ]*\)$/  {"lib\2", (void *) \&\2},/p'\'''
lt_cv_sys_global_symbol_to_cdecl='sed -n -e '\''s/^T .* \(.*\)$/extern int \1();/p'\'' -e '\''s/^[ABCDGIRSTW]* .* \(.*\)$/extern char \1;/p'\'''
lt_cv_sys_max_cmd_len=1572864
lt_cv_to_host_file_cmd=func_convert_file_noop
lt_cv_to_tool_file_cmd=func_convert_file_noop

## ----------------- ##
## Output variables. ##
## ----------------- ##

ACLOCAL='${SHELL} /root/ProyMod2/git/proy_mod2/cgi_c++/bibliocgic++/cgicc-3.2.12/support/missing --run aclocal-1.11'
AMDEPBACKSLASH='\'
AMDEP_FALSE='#'
AMDEP_TRUE=''
AMTAR='$${TAR-tar}'
AR='ar'
AUTOCONF='${SHELL} /root/ProyMod2/git/proy_mod2/cgi_c++/bibliocgic++/cgicc-3.2.12/support/missing --run autoconf'
AUTOHEADER='${SHELL} /root/ProyMod2/git/proy_mod2/cgi_c++/bibliocgic++/cgicc-3.2.12/support/missing --run autoheader'
AUTOMAKE='${SHELL} /root/ProyMod2/git/proy_mod2/cgi_c++/bibliocgic++/cgicc-3.2.12/support/missing --run automake-1.11'
AWK='mawk'
CC='gcc'
CCDEPMODE='depmode=gcc3'
CFLAGS='-m32'
CPP='gcc -E'
CPPFLAGS=''
CXX='g++'
CXXCPP='g++ -E'
CXXDEPMODE='depmode=gcc3'
CXXFLAGS='-Wall -W -pedantic -m32'
CYGPATH_W='echo'
DEFS='-DHAVE_CONFIG_H'
DEMOS_FALSE='#'
DEMOS_TRUE=''
DEMO_LIBS=''
DEPDIR='.deps'
DLLTOOL='false'
DOXYGEN='/bin/echo'
DSYMUTIL=''
DUMPBIN=''
ECHO_C=''
ECHO_N='-n'
ECHO_T=''
EGREP='/bin/grep -E'
EXEEXT=''
FCGI_DEMOS_FALSE=''
FCGI_DEMOS_TRUE='#'
FCGI_LIBS=''
FGREP='/bin/grep -F'
GREP='/bin/grep'
INSTALL_DATA='${INSTALL} -m 644'
INSTALL_PROGRAM='${INSTALL}'
INSTALL_SCRIPT='${INSTALL}'
INSTALL_STRIP_PROGRAM='$(install_sh) -c -s'
LD='/usr/bin/ld'
LDFLAGS='-m32'
LIBOBJS=''
LIBS=''
LIBTOOL='$(SHELL) $(top_builddir)/libtool'
LIB_NET='-lnsl'
LIPO=''
LN_S='ln -s'
LTLIBOBJS=''
MAKEINFO='${SHELL} /root/ProyMod2/git/proy_mod2/cgi_c++/bibliocgic++/cgicc-3.2.12/support/missing --run makeinfo'
MANIFEST_TOOL=':'
MKDIR_P='/bin/mkdir -p'
NM='/usr/bin/nm -B'
NMEDIT=''
OBJDUMP='objdump'
OBJEXT='o'
OTOOL64=''
OTOOL=''
PACKAGE='cgicc'
PACKAGE_BUGREPORT='bug-cgicc@gnu.org'
PACKAGE_NAME='cgicc'
PACKAGE_STRING='cgicc 3.2.12'
PACKAGE_TARNAME='cgicc'
PACKAGE_URL=''
PACKAGE_VERSION='3.2.12'
PATH_SEPARATOR=':'
RANLIB='ranlib'
SED='/bin/sed'
SET_MAKE=''
SHELL='/bin/bash'
STRIP='strip'
VERSION='3.2.12'
ac_ct_AR='ar'
ac_ct_CC='gcc'
ac_ct_CXX='g++'
ac_ct_DUMPBIN=''
am__EXEEXT_FALSE=''
am__EXEEXT_TRUE='#'
am__fastdepCC_FALSE='#'
am__fastdepCC_TRUE=''
am__fastdepCXX_FALSE='#'
am__fastdepCXX_TRUE=''
am__include='include'
am__isrc=''
am__leading_dot='.'
am__nodep='_no'
am__quote=''
am__tar='$${TAR-tar} chof - "$$tardir"'
am__untar='$${TAR-tar} xf -'
bindir='${exec_prefix}/bin'
build='i686-pc-linux-gnu'
build_alias=''
build_cpu='i686'
build_os='linux-gnu'
build_vendor='pc'
datadir='${datarootdir}'
datarootdir='${prefix}/share'
docdir='${datarootdir}/doc/${PACKAGE_TARNAME}'
dvidir='${docdir}'
exec_prefix='${prefix}'
host='i686-pc-linux-gnu'
host_alias=''
host_cpu='i686'
host_os='linux-gnu'
host_vendor='pc'
htmldir='${docdir}'
includedir='${prefix}/include'
infodir='${datarootdir}/info'
install_sh='${SHELL} /root/ProyMod2/git/proy_mod2/cgi_c++/bibliocgic++/cgicc-3.2.12/support/install-sh'
libdir='${exec_prefix}/lib'
libexecdir='${exec_prefix}/libexec'
localedir='${datarootdir}/locale'
localstatedir='${prefix}/var'
mandir='${datarootdir}/man'
mkdir_p='/bin/mkdir -p'
oldincludedir='/usr/include'
pdfdir='${docdir}'
prefix='/usr'
program_transform_name='s,x,x,'
psdir='${docdir}'
sbindir='${exec_prefix}/sbin'
sharedstatedir='${prefix}/com'
sysconfdir='${prefix}/etc'
target_alias=''

## ----------- ##
## confdefs.h. ##
## ----------- ##

/* confdefs.h */
#define PACKAGE_NAME "cgicc"
#define PACKAGE_TARNAME "cgicc"
#define PACKAGE_VERSION "3.2.12"
#define PACKAGE_STRING "cgicc 3.2.12"
#define PACKAGE_BUGREPORT "bug-cgicc@gnu.org"
#define PACKAGE_URL ""
#define PACKAGE "cgicc"
#define VERSION "3.2.12"
#define STDC_HEADERS 1
#define HAVE_SYS_TYPES_H 1
#define HAVE_SYS_STAT_H 1
#define HAVE_STDLIB_H 1
#define HAVE_STRING_H 1
#define HAVE_MEMORY_H 1
#define HAVE_STRINGS_H 1
#define HAVE_INTTYPES_H 1
#define HAVE_STDINT_H 1
#define HAVE_UNISTD_H 1
#define HAVE_DLFCN_H 1
#define LT_OBJDIR ".libs/"
#define HAVE_SYS_TIME_H 1
#define HAVE_SYS_UTSNAME_H 1
#define HOST "i686-pc-linux-gnu"
#define HAVE_NAMESPACES /**/
#define HAVE_STL /**/
#define HAVE_GETTIMEOFDAY 1
#define HAVE_UNAME 1

configure: exit 0

## ---------------------- ##
## Running config.status. ##
## ---------------------- ##

This file was extended by cgicc config.status 3.2.12, which was
generated by GNU Autoconf 2.69.  Invocation command line was

  CONFIG_FILES    = 
  CONFIG_HEADERS  = 
  CONFIG_LINKS    = 
  CONFIG_COMMANDS = 
  $ ./config.status cgicc/config.h

on Lumin

config.status:1163: creating cgicc/config.h
config.status:1344: cgicc/config.h is unchanged
